<?xml version="1.0" encoding="UTF-8"?>
<!-- Generated by org.testng.reporters.JUnitXMLReporter -->
<testsuite ignored="0" hostname="DESKTOP-6BF1I8Q" failures="0" tests="14" name="Test" time="44.599" errors="0" timestamp="2021-05-17T15:58:03 IST">
  <testcase classname="Tests.TC002_LoginFunction" name="@BeforeTest invokeBrowser" time="26.116">
    <failure type="org.openqa.selenium.WebDriverException" message="chrome not reachable
  (Session info: chrome=90.0.4430.212)
Build info: version: &amp;apos;3.141.59&amp;apos;, revision: &amp;apos;e82be7d358&amp;apos;, time: &amp;apos;2018-11-14T08:17:03&amp;apos;
System info: host: &amp;apos;DESKTOP-6BF1I8Q&amp;apos;, ip: &amp;apos;192.168.1.2&amp;apos;, os.name: &amp;apos;Windows 10&amp;apos;, os.arch: &amp;apos;amd64&amp;apos;, os.version: &amp;apos;10.0&amp;apos;, java.version: &amp;apos;15.0.2&amp;apos;
Driver info: org.openqa.selenium.chrome.ChromeDriver
Capabilities {acceptInsecureCerts: false, browserName: chrome, browserVersion: 90.0.4430.212, chrome: {chromedriverVersion: 90.0.4430.24 (4c6d850f087da..., userDataDir: C:\Users\91994\AppData\Loca...}, goog:chromeOptions: {debuggerAddress: localhost:59736}, javascriptEnabled: true, networkConnectionEnabled: false, pageLoadStrategy: normal, platform: WINDOWS, platformName: WINDOWS, proxy: Proxy(), setWindowRect: true, strictFileInteractability: false, timeouts: {implicit: 0, pageLoad: 300000, script: 30000}, unhandledPromptBehavior: dismiss and notify, webauthn:extension:largeBlob: true, webauthn:virtualAuthenticators: true}
Session ID: 718d06868a4339538bfa1e9e5b7c0568
*** Element info: {Using=xpath, value=//a[@class=&amp;apos;ltkpopup-close&amp;apos;]}">
      <![CDATA[org.openqa.selenium.WebDriverException: chrome not reachable
  (Session info: chrome=90.0.4430.212)
Build info: version: '3.141.59', revision: 'e82be7d358', time: '2018-11-14T08:17:03'
System info: host: 'DESKTOP-6BF1I8Q', ip: '192.168.1.2', os.name: 'Windows 10', os.arch: 'amd64', os.version: '10.0', java.version: '15.0.2'
Driver info: org.openqa.selenium.chrome.ChromeDriver
Capabilities {acceptInsecureCerts: false, browserName: chrome, browserVersion: 90.0.4430.212, chrome: {chromedriverVersion: 90.0.4430.24 (4c6d850f087da..., userDataDir: C:\Users\91994\AppData\Loca...}, goog:chromeOptions: {debuggerAddress: localhost:59736}, javascriptEnabled: true, networkConnectionEnabled: false, pageLoadStrategy: normal, platform: WINDOWS, platformName: WINDOWS, proxy: Proxy(), setWindowRect: true, strictFileInteractability: false, timeouts: {implicit: 0, pageLoad: 300000, script: 30000}, unhandledPromptBehavior: dismiss and notify, webauthn:extension:largeBlob: true, webauthn:virtualAuthenticators: true}
Session ID: 718d06868a4339538bfa1e9e5b7c0568
*** Element info: {Using=xpath, value=//a[@class='ltkpopup-close']}
at org.openqa.selenium.remote.http.W3CHttpResponseCodec.createException(W3CHttpResponseCodec.java:187)
at org.openqa.selenium.remote.http.W3CHttpResponseCodec.decode(W3CHttpResponseCodec.java:122)
at org.openqa.selenium.remote.http.W3CHttpResponseCodec.decode(W3CHttpResponseCodec.java:49)
at org.openqa.selenium.remote.HttpCommandExecutor.execute(HttpCommandExecutor.java:158)
at org.openqa.selenium.remote.service.DriverCommandExecutor.execute(DriverCommandExecutor.java:83)
at org.openqa.selenium.remote.RemoteWebDriver.execute(RemoteWebDriver.java:552)
at org.openqa.selenium.remote.RemoteWebDriver.findElement(RemoteWebDriver.java:323)
at org.openqa.selenium.remote.RemoteWebDriver.findElementByXPath(RemoteWebDriver.java:428)
at org.openqa.selenium.By$ByXPath.findElement(By.java:353)
at org.openqa.selenium.remote.RemoteWebDriver.findElement(RemoteWebDriver.java:315)
at FunctionalLibrary.DriverActions.clickWebElement(DriverActions.java:166)
at Tests.TC002_LoginFunction.invokeBrowser(TC002_LoginFunction.java:50)
... Removed 29 stack frames]]>
    </failure>
  </testcase> <!-- @BeforeTest invokeBrowser -->
  <testcase classname="Tests.TC003_VerifyTtile" name="@BeforeTest invokeBrowser" time="-1.621247282958E9">
    <skipped/>
  </testcase> <!-- @BeforeTest invokeBrowser -->
  <testcase classname="Tests.TC004_SelectCeilingLights" name="@BeforeTest invokeBrowser" time="-1.621247282961E9">
    <skipped/>
  </testcase> <!-- @BeforeTest invokeBrowser -->
  <testcase classname="Tests.TC005_SelectProductfromChandeliers" name="@BeforeTest invokeBrowser" time="-1.621247282965E9">
    <skipped/>
  </testcase> <!-- @BeforeTest invokeBrowser -->
  <testcase classname="Tests.TC006_ProductAddtocart" name="@BeforeTest invokeBrowser" time="-1.621247282968E9">
    <skipped/>
  </testcase> <!-- @BeforeTest invokeBrowser -->
  <testcase classname="Tests.TC007_SearchProduct" name="@BeforeTest invokeBrowser" time="-1.62124728297E9">
    <skipped/>
  </testcase> <!-- @BeforeTest invokeBrowser -->
  <testcase classname="Tests.TC001_AccountCreation" name="@AfterTest accountCreationSuccess" time="-1.621247283242E9">
    <skipped/>
  </testcase> <!-- @AfterTest accountCreationSuccess -->
  <testcase classname="Tests.TC002_LoginFunction" name="@AfterTest LoginSuccess" time="-1.621247283245E9">
    <skipped/>
  </testcase> <!-- @AfterTest LoginSuccess -->
  <testcase classname="Tests.TC003_VerifyTtile" name="@AfterTest LoginSuccess" time="-1.621247283254E9">
    <skipped/>
  </testcase> <!-- @AfterTest LoginSuccess -->
  <testcase classname="Tests.TC004_SelectCeilingLights" name="@AfterTest selectChandeleirs" time="-1.621247283259E9">
    <skipped/>
  </testcase> <!-- @AfterTest selectChandeleirs -->
  <testcase classname="Tests.TC005_SelectProductfromChandeliers" name="@AfterTest selectChandeleirs" time="-1.621247283262E9">
    <skipped/>
  </testcase> <!-- @AfterTest selectChandeleirs -->
  <testcase classname="Tests.TC006_ProductAddtocart" name="@AfterTest selectChandeleirs" time="-1.621247283263E9">
    <skipped/>
  </testcase> <!-- @AfterTest selectChandeleirs -->
  <testcase classname="Tests.TC007_SearchProduct" name="@AfterTest selectChandeleirs" time="-1.621247283265E9">
    <skipped/>
  </testcase> <!-- @AfterTest selectChandeleirs -->
  <testcase classname="Tests.TC001_AccountCreation" name="createAccount" time="0.0">
    <skipped/>
  </testcase> <!-- createAccount -->
  <testcase classname="Tests.TC002_LoginFunction" name="Login" time="0.0">
    <skipped/>
  </testcase> <!-- Login -->
  <testcase classname="Tests.TC003_VerifyTtile" name="Login" time="0.0">
    <skipped/>
  </testcase> <!-- Login -->
  <testcase classname="Tests.TC003_VerifyTtile" name="VerifyTitle" time="0.0">
    <skipped/>
  </testcase> <!-- VerifyTitle -->
  <testcase classname="Tests.TC004_SelectCeilingLights" name="Login" time="0.0">
    <skipped/>
  </testcase> <!-- Login -->
  <testcase classname="Tests.TC004_SelectCeilingLights" name="SelectCeilinglights" time="0.0">
    <skipped/>
  </testcase> <!-- SelectCeilinglights -->
  <testcase classname="Tests.TC005_SelectProductfromChandeliers" name="Login" time="0.0">
    <skipped/>
  </testcase> <!-- Login -->
  <testcase classname="Tests.TC005_SelectProductfromChandeliers" name="SelectCeilinglights" time="0.0">
    <skipped/>
  </testcase> <!-- SelectCeilinglights -->
  <testcase classname="Tests.TC005_SelectProductfromChandeliers" name="SelectProduct" time="0.0">
    <skipped/>
  </testcase> <!-- SelectProduct -->
  <testcase classname="Tests.TC006_ProductAddtocart" name="Login" time="0.0">
    <skipped/>
  </testcase> <!-- Login -->
  <testcase classname="Tests.TC006_ProductAddtocart" name="SelectCeilinglights" time="0.0">
    <skipped/>
  </testcase> <!-- SelectCeilinglights -->
  <testcase classname="Tests.TC006_ProductAddtocart" name="SelectProduct" time="0.0">
    <skipped/>
  </testcase> <!-- SelectProduct -->
  <testcase classname="Tests.TC007_SearchProduct" name="Login" time="0.0">
    <skipped/>
  </testcase> <!-- Login -->
  <testcase classname="Tests.TC007_SearchProduct" name="Searchproduct" time="0.0">
    <skipped/>
  </testcase> <!-- Searchproduct -->
</testsuite> <!-- Test -->
